<?xml version="1.0" encoding="UTF-8"?>
<testng-results ignored="0" total="1" passed="1" failed="0" skipped="0">
  <reporter-output>
  </reporter-output>
  <suite started-at="2025-09-15T15:51:46 IST" name="Surefire suite" finished-at="2025-09-15T15:51:54 IST" duration-ms="7872">
    <groups>
    </groups>
    <test started-at="2025-09-15T15:51:46 IST" name="Surefire test" finished-at="2025-09-15T15:51:54 IST" duration-ms="7872">
      <class name="com.pomp.test.TestPage">
        <test-method is-config="true" signature="setUp()[pri:0, instance:com.pomp.test.TestPage@72a7c7e0]" started-at="2025-09-15T15:51:46 IST" name="setUp" finished-at="2025-09-15T15:51:53 IST" duration-ms="7320" status="PASS">
          <reporter-output>
          </reporter-output>
        </test-method> <!-- setUp -->
        <test-method signature="updatePage()[pri:0, instance:com.pomp.test.TestPage@72a7c7e0]" started-at="2025-09-15T15:51:53 IST" name="updatePage" finished-at="2025-09-15T15:51:54 IST" duration-ms="491" status="PASS">
          <reporter-output>
          </reporter-output>
        </test-method> <!-- updatePage -->
      </class> <!-- com.pomp.test.TestPage -->
    </test> <!-- Surefire test -->
  </suite> <!-- Surefire suite -->
</testng-results>
