<?xml version="1.0" encoding="UTF-8"?>
<testsuite xmlns:xsi="http://www.w3.org/2001/XMLSchema-instance" xsi:noNamespaceSchemaLocation="https://maven.apache.org/surefire/maven-surefire-plugin/xsd/surefire-test-report-3.0.xsd" version="3.0" name="com.pomp.test.TestPage" time="16.066" tests="1" errors="0" skipped="0" failures="0">
  <properties>
[...]
</properties>
  <testcase name="updatePage" classname="com.pomp.test.TestPage" time="0.887">
    <system-err><![CDATA[Sept 17, 2025 4:09:49 PM org.openqa.selenium.manager.SeleniumManager lambda$runCommand$1
WARNING: The chromedriver version (139.0.7258.138) detected in PATH at chromedriver.EXE might not be compatible with the detected chrome version (140.0.7339.128); currently, chromedriver 140.0.7339.82 is recommended for chrome 140.*, so it is advised to delete the driver in PATH and retry
Sept 17, 2025 4:09:51 PM org.openqa.selenium.devtools.CdpVersionFinder findNearestMatch
WARNING: Unable to find an exact match for CDP version 140, returning the closest version; found: 139; Please update to a Selenium version that supports CDP version 140
]]></system-err>
  </testcase>
</testsuite>