<?xml version="1.0" encoding="UTF-8"?>
<testng-results ignored="0" total="1" passed="1" failed="0" skipped="0">
  <reporter-output>
  </reporter-output>
  <suite started-at="2025-09-17T16:09:46 IST" name="Surefire suite" finished-at="2025-09-17T16:10:01 IST" duration-ms="15095">
    <groups>
    </groups>
    <test started-at="2025-09-17T16:09:46 IST" name="Surefire test" finished-at="2025-09-17T16:10:01 IST" duration-ms="15095">
      <class name="com.pomp.test.TestPage">
        <test-method is-config="true" signature="setUp()[pri:0, instance:com.pomp.test.TestPage@21de60b4]" started-at="2025-09-17T16:09:46 IST" name="setUp" finished-at="2025-09-17T16:10:00 IST" duration-ms="14115" status="PASS">
          <reporter-output>
          </reporter-output>
        </test-method> <!-- setUp -->
        <test-method signature="updatePage()[pri:0, instance:com.pomp.test.TestPage@21de60b4]" started-at="2025-09-17T16:10:00 IST" name="updatePage" finished-at="2025-09-17T16:10:01 IST" duration-ms="883" status="PASS">
          <reporter-output>
          </reporter-output>
        </test-method> <!-- updatePage -->
      </class> <!-- com.pomp.test.TestPage -->
    </test> <!-- Surefire test -->
  </suite> <!-- Surefire suite -->
</testng-results>
