<?xml version="1.0" encoding="UTF-8"?>
<testng-results ignored="0" total="1" passed="1" failed="0" skipped="0">
  <reporter-output>
  </reporter-output>
  <suite started-at="2025-09-17T16:33:07 IST" name="Default suite" finished-at="2025-09-17T16:33:13 IST" duration-ms="5209">
    <groups>
    </groups>
    <test started-at="2025-09-17T16:33:07 IST" name="Default test" finished-at="2025-09-17T16:33:13 IST" duration-ms="5209">
      <class name="com.apttesting.GetCall">
        <test-method signature="getmethod()[pri:0, instance:com.apttesting.GetCall@5a755cc1]" started-at="2025-09-17T16:33:07 IST" name="getmethod" finished-at="2025-09-17T16:33:12 IST" duration-ms="5098" status="PASS">
          <reporter-output>
          </reporter-output>
        </test-method> <!-- getmethod -->
      </class> <!-- com.apttesting.GetCall -->
    </test> <!-- Default test -->
  </suite> <!-- Default suite -->
</testng-results>
